[    0.000000] Initializing cgroup subsys cpuset
[    0.000000] Initializing cgroup subsys cpu
[    0.000000] Initializing cgroup subsys cpuacct
[    0.000000] Linux version 4.4.0-165-generic (buildd@lgw01-amd64-027) (gcc version 5.4.0 20160609 (Ubuntu 5.4.0-6ubuntu1~16.04.10) ) #193-Ubuntu SMP Tue Sep 17 17:42:52 UTC 2019 (Ubuntu 4.4.0-165.193-generic 4.4.189)
[    0.000000] Command line: BOOT_IMAGE=/boot/vmlinuz-4.4.0-165-generic root=LABEL=cloudimg-rootfs ro console=tty1 console=ttyS0
[    0.000000] KERNEL supported cpus:
[    0.000000]   Intel GenuineIntel
[    0.000000]   AMD AuthenticAMD
[    0.000000]   Centaur CentaurHauls
[    0.000000] ------------[ cut here ]------------
[    0.000000] WARNING: CPU: 0 PID: 0 at /build/linux-ck91bl/linux-4.4.0/arch/x86/kernel/fpu/xstate.c:517 fpu__init_system_xstate+0x37e/0x764()
[    0.000000] XSAVE consistency problem, dumping leaves
[    0.000000] Modules linked in:
[    0.000000] CPU: 0 PID: 0 Comm: swapper Not tainted 4.4.0-165-generic #193-Ubuntu
[    0.000000]  0000000000000086 eb119e43fc18ecc2 ffffffff81e03d70 ffffffff8140c201
[    0.000000]  ffffffff81e03db8 ffffffff81cb36f8 ffffffff81e03da8 ffffffff810864e2
[    0.000000]  0000000000000008 0000000000000340 0000000000000100 ffffffff81e03e3c
[    0.000000] Call Trace:
[    0.000000]  [<ffffffff8140c201>] dump_stack+0x63/0x82
[    0.000000]  [<ffffffff810864e2>] warn_slowpath_common+0x82/0xc0
[    0.000000]  [<ffffffff8108657c>] warn_slowpath_fmt+0x5c/0x80
[    0.000000]  [<ffffffff81081f94>] ? xfeature_size+0x59/0x77
[    0.000000]  [<ffffffff81f78325>] fpu__init_system_xstate+0x37e/0x764
[    0.000000]  [<ffffffff81f68120>] ? early_idt_handler_array+0x120/0x120
[    0.000000]  [<ffffffff81f77d2e>] fpu__init_system+0x1e7/0x28e
[    0.000000]  [<ffffffff81f78f9a>] early_cpu_init+0x276/0x27c
[    0.000000]  [<ffffffff81f78f9a>] ? early_cpu_init+0x276/0x27c
[    0.000000]  [<ffffffff81f742d1>] setup_arch+0xc0/0xd1f
[    0.000000]  [<ffffffff81f68120>] ? early_idt_handler_array+0x120/0x120
[    0.000000]  [<ffffffff81f68c75>] start_kernel+0xe2/0x4a4
[    0.000000]  [<ffffffff81f68120>] ? early_idt_handler_array+0x120/0x120
[    0.000000]  [<ffffffff81f68339>] x86_64_start_reservations+0x2a/0x2c
[    0.000000]  [<ffffffff81f68485>] x86_64_start_kernel+0x14a/0x16d
[    0.000000] ---[ end trace 4d5ff9f2f68c4233 ]---
[    0.000000] CPUID[0d, 00]: eax=00000007 ebx=00000440 ecx=00000440 edx=00000000
[    0.000000] CPUID[0d, 01]: eax=00000000 ebx=00000440 ecx=00000000 edx=00000000
[    0.000000] CPUID[0d, 02]: eax=00000100 ebx=00000240 ecx=00000000 edx=00000000
[    0.000000] CPUID[0d, 03]: eax=00000000 ebx=00000000 ecx=00000000 edx=00000000
[    0.000000] CPUID[0d, 04]: eax=00000000 ebx=00000000 ecx=00000000 edx=00000000
[    0.000000] CPUID[0d, 05]: eax=00000000 ebx=00000000 ecx=00000000 edx=00000000
[    0.000000] CPUID[0d, 06]: eax=00000000 ebx=00000000 ecx=00000000 edx=00000000
[    0.000000] CPUID[0d, 07]: eax=00000000 ebx=00000000 ecx=00000000 edx=00000000
[    0.000000] CPUID[0d, 08]: eax=00000000 ebx=00000000 ecx=00000000 edx=00000000
[    0.000000] CPUID[0d, 09]: eax=00000000 ebx=00000000 ecx=00000000 edx=00000000
[    0.000000] CPUID[0d, 0a]: eax=00000000 ebx=00000000 ecx=00000000 edx=00000000
[    0.000000] CPUID[0d, 0b]: eax=00000000 ebx=00000000 ecx=00000000 edx=00000000
[    0.000000] CPUID[0d, 0c]: eax=00000000 ebx=00000000 ecx=00000000 edx=00000000
[    0.000000] CPUID[0d, 0d]: eax=00000000 ebx=00000000 ecx=00000000 edx=00000000
[    0.000000] CPUID[0d, 0e]: eax=00000000 ebx=00000000 ecx=00000000 edx=00000000
[    0.000000] CPUID[0d, 0f]: eax=00000000 ebx=00000000 ecx=00000000 edx=00000000
[    0.000000] CPUID[0d, 10]: eax=00000000 ebx=00000000 ecx=00000000 edx=00000000
[    0.000000] CPUID[0d, 11]: eax=00000000 ebx=00000000 ecx=00000000 edx=00000000
[    0.000000] x86/fpu: xstate_offset[2]:  576, xstate_sizes[2]:  256
[    0.000000] x86/fpu: Supporting XSAVE feature 0x01: 'x87 floating point registers'
[    0.000000] x86/fpu: Supporting XSAVE feature 0x02: 'SSE registers'
[    0.000000] x86/fpu: Supporting XSAVE feature 0x04: 'AVX registers'
[    0.000000] x86/fpu: Enabled xstate features 0x7, context size is 1088 bytes, using 'standard' format.
[    0.000000] e820: BIOS-provided physical RAM map:
[    0.000000] BIOS-e820: [mem 0x0000000000000000-0x000000000009fbff] usable
[    0.000000] BIOS-e820: [mem 0x000000000009fc00-0x000000000009ffff] reserved
[    0.000000] BIOS-e820: [mem 0x00000000000f0000-0x00000000000fffff] reserved
[    0.000000] BIOS-e820: [mem 0x0000000000100000-0x000000003ffeffff] usable
[    0.000000] BIOS-e820: [mem 0x000000003fff0000-0x000000003fffffff] ACPI data
[    0.000000] BIOS-e820: [mem 0x00000000fec00000-0x00000000fec00fff] reserved
[    0.000000] BIOS-e820: [mem 0x00000000fee00000-0x00000000fee00fff] reserved
[    0.000000] BIOS-e820: [mem 0x00000000fffc0000-0x00000000ffffffff] reserved
[    0.000000] NX (Execute Disable) protection: active
[    0.000000] SMBIOS 2.5 present.
[    0.000000] Hypervisor detected: KVM
[    0.000000] e820: last_pfn = 0x3fff0 max_arch_pfn = 0x400000000
[    0.000000] MTRR: Disabled
[    0.000000] x86/PAT: MTRRs disabled, skipping PAT initialization too.
[    0.000000] CPU MTRRs all blank - virtualized system.
[    0.000000] x86/PAT: Configuration [0-7]: WB  WT  UC- UC  WB  WT  UC- UC  
[    0.000000] found SMP MP-table at [mem 0x0009fff0-0x0009ffff] mapped at [ffff88000009fff0]
[    0.000000] Scanning 1 areas for low memory corruption
[    0.000000] RAMDISK: [mem 0x362fa000-0x37174fff]
[    0.000000] ACPI: Early table checksum verification disabled
[    0.000000] ACPI: RSDP 0x00000000000E0000 000024 (v02 VBOX  )
[    0.000000] ACPI: XSDT 0x000000003FFF0030 00003C (v01 VBOX   VBOXXSDT 00000001 ASL  00000061)
[    0.000000] ACPI: FACP 0x000000003FFF00F0 0000F4 (v04 VBOX   VBOXFACP 00000001 ASL  00000061)
[    0.000000] ACPI: DSDT 0x000000003FFF0470 0021FF (v02 VBOX   VBOXBIOS 00000002 INTL 20100528)
[    0.000000] ACPI: FACS 0x000000003FFF0200 000040
[    0.000000] ACPI: FACS 0x000000003FFF0200 000040
[    0.000000] ACPI: APIC 0x000000003FFF0240 00005C (v02 VBOX   VBOXAPIC 00000001 ASL  00000061)
[    0.000000] ACPI: SSDT 0x000000003FFF02A0 0001CC (v01 VBOX   VBOXCPUT 00000002 INTL 20100528)
[    0.000000] No NUMA configuration found
[    0.000000] Faking a node at [mem 0x0000000000000000-0x000000003ffeffff]
[    0.000000] NODE_DATA(0) allocated [mem 0x3ffeb000-0x3ffeffff]
[    0.000000] kvm-clock: Using msrs 4b564d01 and 4b564d00
[    0.000000] kvm-clock: cpu 0, msr 0:3ffe3001, primary cpu clock
[    0.000000] kvm-clock: using sched offset of 3490388325 cycles
[    0.000000] clocksource: kvm-clock: mask: 0xffffffffffffffff max_cycles: 0x1cd42e4dffb, max_idle_ns: 881590591483 ns
[    0.000000] Zone ranges:
[    0.000000]   DMA      [mem 0x0000000000001000-0x0000000000ffffff]
[    0.000000]   DMA32    [mem 0x0000000001000000-0x000000003ffeffff]
[    0.000000]   Normal   empty
[    0.000000]   Device   empty
[    0.000000] Movable zone start for each node
[    0.000000] Early memory node ranges
[    0.000000]   node   0: [mem 0x0000000000001000-0x000000000009efff]
[    0.000000]   node   0: [mem 0x0000000000100000-0x000000003ffeffff]
[    0.000000] Initmem setup node 0 [mem 0x0000000000001000-0x000000003ffeffff]
[    0.000000] ACPI: PM-Timer IO Port: 0x4008
[    0.000000] IOAPIC[0]: apic_id 2, version 32, address 0xfec00000, GSI 0-23
[    0.000000] ACPI: INT_SRC_OVR (bus 0 bus_irq 0 global_irq 2 dfl dfl)
[    0.000000] ACPI: INT_SRC_OVR (bus 0 bus_irq 9 global_irq 9 high level)
[    0.000000] Using ACPI (MADT) for SMP configuration information
[    0.000000] smpboot: Allowing 2 CPUs, 0 hotplug CPUs
[    0.000000] PM: Registered nosave memory: [mem 0x00000000-0x00000fff]
[    0.000000] PM: Registered nosave memory: [mem 0x0009f000-0x0009ffff]
[    0.000000] PM: Registered nosave memory: [mem 0x000a0000-0x000effff]
[    0.000000] PM: Registered nosave memory: [mem 0x000f0000-0x000fffff]
[    0.000000] e820: [mem 0x40000000-0xfebfffff] available for PCI devices
[    0.000000] Booting paravirtualized kernel on KVM
[    0.000000] clocksource: refined-jiffies: mask: 0xffffffff max_cycles: 0xffffffff, max_idle_ns: 7645519600211568 ns
[    0.000000] setup_percpu: NR_CPUS:512 nr_cpumask_bits:512 nr_cpu_ids:2 nr_node_ids:1
[    0.000000] PERCPU: Embedded 34 pages/cpu @ffff88003fc00000 s99544 r8192 d31528 u1048576
[    0.000000] Built 1 zonelists in Node order, mobility grouping on.  Total pages: 257912
[    0.000000] Policy zone: DMA32
[    0.000000] Kernel command line: BOOT_IMAGE=/boot/vmlinuz-4.4.0-165-generic root=LABEL=cloudimg-rootfs ro console=tty1 console=ttyS0
[    0.000000] PID hash table entries: 4096 (order: 3, 32768 bytes)
[    0.000000] Memory: 997732K/1048120K available (8621K kernel code, 1335K rwdata, 4032K rodata, 1484K init, 1284K bss, 50388K reserved, 0K cma-reserved)
[    0.000000] SLUB: HWalign=64, Order=0-3, MinObjects=0, CPUs=2, Nodes=1
[    0.000000] Kernel/User page tables isolation: enabled
[    0.000000] Hierarchical RCU implementation.
[    0.000000] 	Build-time adjustment of leaf fanout to 64.
[    0.000000] 	RCU restricting CPUs from NR_CPUS=512 to nr_cpu_ids=2.
[    0.000000] RCU: Adjusting geometry for rcu_fanout_leaf=64, nr_cpu_ids=2
[    0.000000] NR_IRQS:33024 nr_irqs:440 16
[    0.000000] Console: colour VGA+ 80x25
[    0.000000] console [tty1] enabled
[    0.000000] console [ttyS0] enabled
[    0.000000] tsc: Detected 2711.996 MHz processor
[    7.653104] Calibrating delay loop (skipped) preset value.. 5423.99 BogoMIPS (lpj=10847984)
[    7.665593] pid_max: default: 32768 minimum: 301
[    7.670033] ACPI: Core revision 20150930
[    7.678534] ACPI: 2 ACPI AML tables successfully acquired and loaded
[    7.684555] Security Framework initialized
[    7.694671] Yama: becoming mindful.
[    7.696129] AppArmor: AppArmor initialized
[    7.701625] Dentry cache hash table entries: 131072 (order: 8, 1048576 bytes)
[    7.705120] Inode-cache hash table entries: 65536 (order: 7, 524288 bytes)
[    7.761354] Mount-cache hash table entries: 2048 (order: 2, 16384 bytes)
[    7.849667] Mountpoint-cache hash table entries: 2048 (order: 2, 16384 bytes)
[    7.940602] Initializing cgroup subsys io
[    7.958555] Initializing cgroup subsys memory
[    7.977579] Initializing cgroup subsys devices
[    8.044335] Initializing cgroup subsys freezer
[    8.105354] Initializing cgroup subsys net_cls
[    8.168713] Initializing cgroup subsys perf_event
[    8.216581] Initializing cgroup subsys net_prio
[    8.292768] Initializing cgroup subsys hugetlb
[    8.366582] Initializing cgroup subsys pids
[    8.427585] mce: CPU supports 0 MCE banks
[    8.456938] Last level iTLB entries: 4KB 64, 2MB 8, 4MB 8
[    8.549381] Last level dTLB entries: 4KB 64, 2MB 0, 4MB 0, 1GB 4
[    8.665730] Spectre V1 : Mitigation: usercopy/swapgs barriers and __user pointer sanitization
[    8.698655] Spectre V2 : Mitigation: Full generic retpoline
[    8.701215] Spectre V2 : Spectre v2 / SpectreRSB mitigation: Filling RSB on context switch
[    8.723219] Speculative Store Bypass: Vulnerable
[    8.725898] MDS: Vulnerable: Clear CPU buffers attempted, no microcode
[    8.743845] Freeing SMP alternatives memory: 36K
[    8.761184] ftrace: allocating 32318 entries in 127 pages
[    8.839806] smpboot: APIC(0) Converting physical 0 to logical package 0
[    8.881215] smpboot: Max logical packages: 1
[    8.890612] x2apic enabled
[    8.914667] Switched APIC routing to physical x2apic.
[    8.944263] ..TIMER: vector=0x30 apic1=0 pin1=2 apic2=-1 pin2=-1
[    9.100303] smpboot: CPU0: Intel(R) Core(TM) i5-7200U CPU @ 2.50GHz (family: 0x6, model: 0x8e, stepping: 0x9)
[    9.220719] Performance Events: unsupported p6 CPU model 142 no PMU driver, software events only.
[    9.298963] KVM setup paravirtual spinlock
[    9.359199] x86: Booting SMP configuration:
[    9.421952] .... node  #0, CPUs:      #1
[    9.474381] kvm-clock: cpu 1, msr 0:3ffe3041, secondary cpu clock
[    9.493792] mce: CPU supports 0 MCE banks
[    9.498513] x86: Booted up 1 node, 2 CPUs
[    9.540344] smpboot: Total of 2 processors activated (10847.98 BogoMIPS)
[    9.622958] devtmpfs: initialized
[    9.668641] evm: security.selinux
[    9.709186] evm: security.SMACK64
[    9.710640] evm: security.SMACK64EXEC
[    9.748740] evm: security.SMACK64TRANSMUTE
[    9.798618] evm: security.SMACK64MMAP
[    9.835460] evm: security.ima
[    9.838873] evm: security.capability
[    9.840908] clocksource: jiffies: mask: 0xffffffff max_cycles: 0xffffffff, max_idle_ns: 7645041785100000 ns
[    9.873385] futex hash table entries: 512 (order: 3, 32768 bytes)
[    9.879222] pinctrl core: initialized pinctrl subsystem
[    9.881972] RTC time:  9:47:33, date: 10/16/19
[    9.885860] NET: Registered protocol family 16
[    9.899552] cpuidle: using governor ladder
[    9.920061] cpuidle: using governor menu
[    9.930104] PCCT header not found.
[    9.933254] ACPI: bus type PCI registered
[    9.940191] acpiphp: ACPI Hot Plug PCI Controller Driver version: 0.5
[    9.950227] PCI: Using configuration type 1 for base access
[    9.973454] ACPI: Added _OSI(Module Device)
[    9.992520] ACPI: Added _OSI(Processor Device)
[   10.018208] ACPI: Added _OSI(3.0 _SCP Extensions)
[   10.057350] ACPI: Added _OSI(Processor Aggregator Device)
[   10.127364] ACPI: Executed 1 blocks of module-level executable AML code
[   10.187374] ACPI: Interpreter enabled
[   10.220254] ACPI: (supports S0 S5)
[   10.252390] ACPI: Using IOAPIC for interrupt routing
[   10.319081] PCI: Using host bridge windows from ACPI; if necessary, use "pci=nocrs" and report a bug
[   10.432813] ACPI: PCI Root Bridge [PCI0] (domain 0000 [bus 00-ff])
[   10.546400] acpi PNP0A03:00: _OSC: OS supports [ASPM ClockPM Segments MSI]
[   10.649541] acpi PNP0A03:00: _OSC: not requesting OS control; OS requires [ExtendedConfig ASPM ClockPM MSI]
[   10.719459] acpi PNP0A03:00: fail to add MMCONFIG information, can't access extended PCI configuration space under this bridge.
[   10.905736] PCI host bridge to bus 0000:00
[   10.937971] pci_bus 0000:00: root bus resource [io  0x0000-0x0cf7 window]
[   10.954492] pci_bus 0000:00: root bus resource [io  0x0d00-0xffff window]
[   10.956762] pci_bus 0000:00: root bus resource [mem 0x000a0000-0x000bffff window]
[   10.961145] pci_bus 0000:00: root bus resource [mem 0x40000000-0xffdfffff window]
[   10.965880] pci_bus 0000:00: root bus resource [bus 00-ff]
[   10.992490] pci 0000:00:01.1: legacy IDE quirk: reg 0x10: [io  0x01f0-0x01f7]
[   10.996431] pci 0000:00:01.1: legacy IDE quirk: reg 0x14: [io  0x03f6]
[   11.005097] pci 0000:00:01.1: legacy IDE quirk: reg 0x18: [io  0x0170-0x0177]
[   11.010032] pci 0000:00:01.1: legacy IDE quirk: reg 0x1c: [io  0x0376]
[   11.046056] pci 0000:00:07.0: quirk: [io  0x4000-0x403f] claimed by PIIX4 ACPI
[   11.050328] pci 0000:00:07.0: quirk: [io  0x4100-0x410f] claimed by PIIX4 SMB
[   11.087106] ACPI: PCI Interrupt Link [LNKA] (IRQs 5 9 10 *11)
[   11.108132] ACPI: PCI Interrupt Link [LNKB] (IRQs 5 9 10 *11)
[   11.117728] ACPI: PCI Interrupt Link [LNKC] (IRQs 5 9 *10 11)
[   11.144651] ACPI: PCI Interrupt Link [LNKD] (IRQs 5 *9 10 11)
[   11.190161] ACPI: Enabled 2 GPEs in block 00 to 07
[   11.222878] vgaarb: setting as boot device: PCI:0000:00:02.0
[   11.270017] vgaarb: device added: PCI:0000:00:02.0,decodes=io+mem,owns=io+mem,locks=none
[   11.346997] vgaarb: loaded
[   11.384580] vgaarb: bridge control possible 0000:00:02.0
[   11.436834] SCSI subsystem initialized
[   11.455324] ACPI: bus type USB registered
[   11.498852] usbcore: registered new interface driver usbfs
[   11.575005] usbcore: registered new interface driver hub
[   11.631106] usbcore: registered new device driver usb
[   11.697557] PCI: Using ACPI for IRQ routing
[   11.762732] NetLabel: Initializing
[   11.808629] NetLabel:  domain hash size = 128
[   11.856168] NetLabel:  protocols = UNLABELED CIPSOv4
[   11.920656] NetLabel:  unlabeled traffic allowed by default
[   12.010807] amd_nb: Cannot enumerate AMD northbridges
[   12.089472] clocksource: Switched to clocksource kvm-clock
[   12.139481] AppArmor: AppArmor Filesystem Enabled
[   12.155807] pnp: PnP ACPI init
[   12.190926] pnp: PnP ACPI: found 3 devices
[   12.207932] clocksource: acpi_pm: mask: 0xffffff max_cycles: 0xffffff, max_idle_ns: 2085701024 ns
[   12.221313] NET: Registered protocol family 2
[   12.228457] TCP established hash table entries: 8192 (order: 4, 65536 bytes)
[   12.230774] TCP bind hash table entries: 8192 (order: 5, 131072 bytes)
[   12.234855] TCP: Hash tables configured (established 8192 bind 8192)
[   12.250923] UDP hash table entries: 512 (order: 2, 16384 bytes)
[   12.259711] UDP-Lite hash table entries: 512 (order: 2, 16384 bytes)
[   12.269628] NET: Registered protocol family 1
[   12.298358] pci 0000:00:00.0: Limiting direct PCI/PCI transfers
[   12.301197] pci 0000:00:01.0: Activating ISA DMA hang workarounds
[   12.303663] Unpacking initramfs...
[   12.566538] Freeing initrd memory: 14828K
[   12.577408] clocksource: tsc: mask: 0xffffffffffffffff max_cycles: 0x271782d3887, max_idle_ns: 440795314643 ns
[   12.673239] platform rtc_cmos: registered platform RTC device (no PNP device found)
[   12.709518] Scanning for low memory corruption every 60 seconds
[   12.772307] audit: initializing netlink subsys (disabled)
[   12.815660] audit: type=2000 audit(1571219250.022:1): initialized
[   12.877483] Initialise system trusted keyring
[   12.898405] HugeTLB registered 2 MB page size, pre-allocated 0 pages
[   12.932370] zbud: loaded
[   12.956607] VFS: Disk quotas dquot_6.6.0
[   12.972520] VFS: Dquot-cache hash table entries: 512 (order 0, 4096 bytes)
[   13.025904] squashfs: version 4.0 (2009/01/31) Phillip Lougher
[   13.062252] fuse init (API version 7.23)
[   13.092200] Key type big_key registered
[   13.103348] Allocating IMA MOK and blacklist keyrings.
[   13.110309] Key type asymmetric registered
[   13.112466] Asymmetric key parser 'x509' registered
[   13.114161] Block layer SCSI generic (bsg) driver version 0.4 loaded (major 249)
[   13.155110] io scheduler noop registered
[   13.165171] io scheduler deadline registered (default)
[   13.167130] io scheduler cfq registered
[   13.172019] pci_hotplug: PCI Hot Plug PCI Core version: 0.5
[   13.183166] pciehp: PCI Express Hot Plug Controller Driver version: 0.4
[   13.198791] ACPI: AC Adapter [AC] (on-line)
[   13.222952] input: Power Button as /devices/LNXSYSTM:00/LNXPWRBN:00/input/input0
[   13.240805] ACPI: Power Button [PWRF]
[   13.243810] input: Sleep Button as /devices/LNXSYSTM:00/LNXSLPBN:00/input/input1
[   13.258219] ACPI: Sleep Button [SLPF]
[   13.259920] GHES: HEST is not enabled!
[   13.274816] ACPI: Battery Slot [BAT0] (battery present)
[   13.284537] Serial: 8250/16550 driver, 32 ports, IRQ sharing enabled
[   13.324122] 00:02: ttyS0 at I/O 0x3f8 (irq = 4, base_baud = 115200) is a 16550A
[   13.342375] Linux agpgart interface v0.103
[   13.357538] loop: module loaded
[   13.361778] scsi host0: ata_piix
[   13.368222] scsi host1: ata_piix
[   13.369668] ata1: PATA max UDMA/33 cmd 0x1f0 ctl 0x3f6 bmdma 0xd000 irq 14
[   13.384815] ata2: PATA max UDMA/33 cmd 0x170 ctl 0x376 bmdma 0xd008 irq 15
[   13.399813] libphy: Fixed MDIO Bus: probed
[   13.401763] tun: Universal TUN/TAP device driver, 1.6
[   13.420858] tun: (C) 1999-2004 Max Krasnyansky <maxk@qualcomm.com>
[   13.433368] PPP generic driver version 2.4.2
[   13.435775] ehci_hcd: USB 2.0 'Enhanced' Host Controller (EHCI) Driver
[   13.444856] ehci-pci: EHCI PCI platform driver
[   13.447691] ehci-platform: EHCI generic platform driver
[   13.457466] ohci_hcd: USB 1.1 'Open' Host Controller (OHCI) Driver
[   13.471854] ohci-pci: OHCI PCI platform driver
[   13.477264] ohci-platform: OHCI generic platform driver
[   13.479361] uhci_hcd: USB Universal Host Controller Interface driver
[   13.484853] i8042: PNP: PS/2 Controller [PNP0303:PS2K,PNP0f03:PS2M] at 0x60,0x64 irq 1,12
[   13.512832] serio: i8042 KBD port at 0x60,0x64 irq 1
[   13.541526] serio: i8042 AUX port at 0x60,0x64 irq 12
[   13.562295] mousedev: PS/2 mouse device common for all mice
[   13.603261] input: AT Translated Set 2 keyboard as /devices/platform/i8042/serio0/input/input2
[   13.625265] rtc_cmos rtc_cmos: rtc core: registered rtc_cmos as rtc0
[   13.679440] rtc_cmos rtc_cmos: alarms up to one day, 114 bytes nvram
[   13.713123] i2c /dev entries driver
[   13.714626] device-mapper: uevent: version 1.0.3
[   13.716474] device-mapper: ioctl: 4.34.0-ioctl (2015-10-28) initialised: dm-devel@redhat.com
[   13.720063] ledtrig-cpu: registered to indicate activity on CPUs
[   13.761122] NET: Registered protocol family 10
[   13.808453] NET: Registered protocol family 17
[   13.823210] Key type dns_resolver registered
[   13.825042] registered taskstats version 1
[   13.850496] Loading compiled-in X.509 certificates
[   13.884169] Loaded X.509 cert 'Build time autogenerated kernel key: 0ed82eac04367aa6426493b1389455ebf6830eaa'
[   13.993185] zswap: loaded using pool lzo/zbud
[   14.063217] Key type trusted registered
[   14.094518] Key type encrypted registered
[   14.142267] AppArmor: AppArmor sha1 policy hashing enabled
[   14.180956] ima: No TPM chip found, activating TPM-bypass!
[   14.233646] ima: Allocated hash algorithm: sha1
[   14.242564] evm: HMAC attrs: 0x1
[   14.277640]   Magic number: 7:416:778
[   14.287594] rtc_cmos rtc_cmos: setting system clock to 2019-10-16 09:47:37 UTC (1571219257)
[   14.297015] BIOS EDD facility v0.16 2004-Jun-25, 0 devices found
[   14.316873] EDD information not available.
[   14.347387] Freeing unused kernel memory: 1484K
[   14.357749] Write protecting the kernel read-only data: 14336k
[   14.372097] Freeing unused kernel memory: 1608K
[   14.409649] Freeing unused kernel memory: 64K
Loading, please wait...
startin[   14.483277] random: systemd-udevd: uninitialized urandom read (16 bytes read, 5 bits of entropy available)
g version 229
[   14.484397] random: udevadm: uninitialized urandom read (16 bytes read, 5 bits of entropy available)
[   14.484416] random: udevadm: uninitialized urandom read (16 bytes read, 5 bits of entropy available)
[   14.496887] random: udevadm: uninitialized urandom read (16 bytes read, 5 bits of entropy available)
[   14.496928] random: udevadm: uninitialized urandom read (16 bytes read, 5 bits of entropy available)
[   14.497161] random: udevadm: uninitialized urandom read (16 bytes read, 5 bits of entropy available)
[   14.497253] random: udevadm: uninitialized urandom read (16 bytes read, 5 bits of entropy available)
[   14.497345] random: udevadm: uninitialized urandom read (16 bytes read, 5 bits of entropy available)
[   14.497439] random: udevadm: uninitialized urandom read (16 bytes read, 5 bits of entropy available)
[   14.497576] random: udevadm: uninitialized urandom read (16 bytes read, 5 bits of entropy available)
[   15.083779] e1000: Intel(R) PRO/1000 Network Driver - version 7.3.21-k8-NAPI
[   15.123046] e1000: Copyright (c) 1999-2006 Intel Corporation.
[   15.211481] Fusion MPT base driver 3.04.20
[   15.233841] Copyright (c) 1999-2008 LSI Corporation
[   15.265393] AVX version of gcm_enc/dec engaged.
[   15.268352] AES CTR mode by8 optimization enabled
[   15.278947] Fusion MPT SPI Host driver 3.04.20
[   15.413477] input: ImExPS/2 Generic Explorer Mouse as /devices/platform/i8042/serio1/input/input4
[   15.634723] e1000 0000:00:03.0 eth0: (PCI:33MHz:32-bit) 02:0e:9b:2d:5b:92
[   15.639778] e1000 0000:00:03.0 eth0: Intel(R) PRO/1000 Network Connection
[   15.644905] mptbase: ioc0: Initiating bringup
[   15.722277] ioc0: LSI53C1030 A0: Capabilities={Initiator}
[   15.898427] scsi host2: ioc0: LSI53C1030 A0, FwRev=00000000h, Ports=1, MaxQ=256, IRQ=20
[   16.078326] scsi 2:0:0:0: Direct-Access     VBOX     HARDDISK         1.0  PQ: 0 ANSI: 5
[   16.122577] scsi target2:0:0: Beginning Domain Validation
[   16.161155] scsi target2:0:0: Domain Validation skipping write tests
[   16.213004] scsi target2:0:0: Ending Domain Validation
[   16.251024] scsi target2:0:0: asynchronous
[   16.283766] scsi 2:0:1:0: Direct-Access     VBOX     HARDDISK         1.0  PQ: 0 ANSI: 5
[   16.338128] scsi target2:0:1: Beginning Domain Validation
[   16.367444] scsi target2:0:1: Domain Validation skipping write tests
[   16.391143] scsi target2:0:1: Ending Domain Validation
[   16.409011] scsi target2:0:1: asynchronous
[   16.442571] sd 2:0:0:0: [sda] 20971520 512-byte logical blocks: (10.7 GB/10.0 GiB)
[   16.442842] sd 2:0:0:0: Attached scsi generic sg0 type 0
[   16.486374] sd 2:0:1:0: Attached scsi generic sg1 type 0
[   16.486630] sd 2:0:1:0: [sdb] 20480 512-byte logical blocks: (10.5 MB/10.0 MiB)
[   16.486866] sd 2:0:1:0: [sdb] Write Protect is off
[   16.487193] sd 2:0:1:0: [sdb] Incomplete mode parameter data
[   16.487195] sd 2:0:1:0: [sdb] Assuming drive cache: write through
[   16.489839] sd 2:0:1:0: [sdb] Attached SCSI disk
[   16.519938] e1000 0000:00:08.0 eth1: (PCI:33MHz:32-bit) 08:00:27:f1:ea:60
[   16.519940] e1000 0000:00:08.0 eth1: Intel(R) PRO/1000 Network Connection
[   16.524461] e1000 0000:00:08.0 enp0s8: renamed from eth1
[   16.565955] sd 2:0:0:0: [sda] Write Protect is off
[   16.595985] sd 2:0:0:0: [sda] Incomplete mode parameter data
[   16.625877] sd 2:0:0:0: [sda] Assuming drive cache: write through
[   16.631390] e1000 0000:00:03.0 enp0s3: renamed from eth0
[   16.697127]  sda: sda1
[   16.705487] sd 2:0:0:0: [sda] Attached SCSI disk
Begin: Loading e[   18.306800] md: linear personality registered for level -1
ssential drivers[   18.344602] md: multipath personality registered for level -4
 ... [   18.394124] md: raid0 personality registered for level 0
[   18.414895] md: raid1 personality registered for level 1
[   18.497927] raid6: sse2x1   gen()  8495 MB/s
[   18.593634] raid6: sse2x1   xor()  6043 MB/s
[   18.665825] raid6: sse2x2   gen()  9374 MB/s
[   18.737536] raid6: sse2x2   xor()  6018 MB/s
[   18.805854] raid6: sse2x4   gen() 12982 MB/s
[   18.889773] raid6: sse2x4   xor()  9204 MB/s
[   18.929847] raid6: using algorithm sse2x4 gen() 12982 MB/s
[   18.953933] raid6: .... xor() 9204 MB/s, rmw enabled
[   18.962828] raid6: using ssse3x2 recovery algorithm
[   18.998333] xor: automatically using best checksumming function:
[   19.121808]    avx       : 19880.000 MB/sec
[   19.126656] async_tx: api initialized (async)
[   19.184628] md: raid6 personality registered for level 6
[   19.198831] md: raid5 personality registered for level 5
[   19.209207] md: raid4 personality registered for level 4
[   19.221879] md: raid10 personality registered for level 10
done.
Begin: Running /scripts/init-premount ... done.
Begin: Mounting root file syst[   19.290520] Btrfs loaded
em ... Begin: Running /scripts/local-top ... done.
Begin: Running /scripts/loca[   19.346166] EXT4-fs (sda1): mounted filesystem with ordered data mode. Opts: (null)
l-premount ... Scanning for Btrfs filesystems
done.
Warning: fsck not present, so skipping root file system
done.
Begin: Running /scripts/local-bottom ... done.
Begin: Running /scripts/init-bottom ... done.
[   19.581585] systemd[1]: systemd 229 running in system mode. (+PAM +AUDIT +SELINUX +IMA +APPARMOR +SMACK +SYSVINIT +UTMP +LIBCRYPTSETUP +GCRYPT +GNUTLS +ACL +XZ -LZ4 +SECCOMP +BLKID +ELFUTILS +KMOD -IDN)
[   19.753163] systemd[1]: Detected virtualization oracle.
[   19.763110] systemd[1]: Detected architecture x86-64.

Welcome to [1mUbuntu 16.04.6 LTS[0m!

[   19.804192] systemd[1]: Set hostname to <ubuntu>.
[   19.821338] systemd[1]: Initializing machine ID from random generator.
[   19.824197] systemd[1]: Installed transient /etc/machine-id file.
[   20.010724] systemd[1]: Listening on udev Kernel Socket.
[[0;32m  OK  [0m] Listening on udev Kernel Socket.
[   20.134722] systemd[1]: Listening on LVM2 poll daemon socket.
[[0;32m  OK  [0m] Listening on LVM2 poll daemon socket.
[   20.241857] systemd[1]: Listening on Syslog Socket.
[[0;32m  OK  [0m] Listening on Syslog Socket.
[   20.293538] systemd[1]: Reached target System Time Synchronized.
[[0;32m  OK  [0m] Reached target System Time Synchronized.
[   20.338408] systemd[1]: Listening on Journal Socket (/dev/log).
[[0;32m  OK  [0m] Listening on Journal Socket (/dev/log).
[   20.438135] systemd[1]: Started Trigger resolvconf update for networkd DNS.
[[0;32m  OK  [0m] Started Trigger resolvconf update for networkd DNS.
[   20.633930] systemd[1]: Listening on /dev/initctl Compatibility Named Pipe.
[[0;32m  OK  [0m] Listening on /dev/initctl Compatibility Named Pipe.
[   20.766745] systemd[1]: Listening on Journal Socket.
[[0;32m  OK  [0m] Listening on Journal Socket.
[   20.866574] systemd[1]: Created slice System Slice.
[[0;32m  OK  [0m] Created slice System Slice.
[   20.953767] systemd[1]: Starting Uncomplicated firewall...
         Starting Uncomplicated firewall...
[   20.993891] systemd[1]: Started Forward Password Requests to Wall Directory Watch.
[[0;32m  OK  [0m] Started Forward Password Requests to Wall Directory Watch.
[   21.186117] systemd[1]: Reached target Encrypted Volumes.
[[0;32m  OK  [0m] Reached target Encrypted Volumes.
[   21.346461] systemd[1]: Mounting Huge Pages File System...
[   21.351166] random: nonblocking pool is initialized
         Mounting Huge Pages File System...
[   21.442139] systemd[1]: Set up automount Arbitrary Executable File Formats File System Automount Point.
[[0;32m  OK  [0m] Set up automount Arbitrary Executab...ats File System Automount Point.
[   21.498447] systemd[1]: Starting Load Kernel Modules...
[   21.521199] Loading iSCSI transport class v2.0-870.
         Startin[   21.564700] iscsi: registered transport (tcp)
g Load Kernel Modules...
[   21.613992] iscsi: registered transport (iser)
[   21.643176] systemd[1]: Starting Nameserver information manager...
         Starting Nameserver information manager...
[   21.676179] systemd[1]: Listening on udev Control Socket.
[[0;32m  OK  [0m] Listening on udev Control Socket.
[   21.718306] systemd[1]: Listening on LVM2 metadata daemon socket.
[[0;32m  OK  [0m] Listening on LVM2 metadata daemon socket.
[   21.803289] systemd[1]: Starting Remount Root and Kernel File Systems...
[   21.808561] EXT4-fs (sda1): re-mounted. Opts: (null)
         Starting Remount Root and Kernel File Systems...
[   21.898235] systemd[1]: Created slice system-serial\x2dgetty.slice.
[[0;32m  OK  [0m] Created slice system-serial\x2dgetty.slice.
[   22.006264] systemd[1]: Mounting POSIX Message Queue File System...
         Mounting POSIX Message Queue File System...
[   22.053641] systemd[1]: Created slice User and Session Slice.
[[0;32m  OK  [0m] Created slice User and Session Slice.
[   22.122224] systemd[1]: Reached target Slices.
[[0;32m  OK  [0m] Reached target Slices.
[   22.190821] systemd[1]: Listening on Journal Audit Socket.
[[0;32m  OK  [0m] Listening on Journal Audit Socket.
[   22.291131] systemd[1]: Starting Set console keymap...
         Starting Set console keymap...
[   22.374400] systemd[1]: Reached target Swap.
[[0;32m  OK  [0m] Reached target Swap.
[   22.451044] systemd[1]: Starting Journal Service...
         Starting Journal Service...
[   22.506830] systemd[1]: Listening on Device-mapper event daemon FIFOs.
[[0;32m  OK  [0m] Listening on Device-mapper event daemon FIFOs.
[   22.626532] systemd[1]: Starting Monitoring of LVM2 mirrors, snapshots etc. using dmeventd or progress polling...
         Starting Monitoring of LVM2 mirrors... dmeventd or progress polling...
[   22.722297] systemd[1]: Reached target User and Group Name Lookups.
[[0;32m  OK  [0m] Reached target User and Group Name Lookups.
[   22.777857] systemd[1]: Starting Create list of required static device nodes for the current kernel...
         Starting Create list of required st... nodes for the current kernel...
[   22.898068] systemd[1]: Mounting Debug File System...
         Mounting Debug File System...
[   23.043207] systemd[1]: Mounted POSIX Message Queue File System.
[[0;32m  OK  [0m] Mounted POSIX Message Queue File System.
[   23.150652] systemd[1]: Mounted Debug File System.
[[0;32m  OK  [0m] Mounted Debug File System.
[   23.226486] systemd[1]: Mounted Huge Pages File System.
[[0;32m  OK  [0m] Mounted Huge Pages File System.
[   23.290050] systemd[1]: Started Journal Service.
[[0;32m  OK  [0m] Started Journal Service.
[[0;32m  OK  [0m] Started Uncomplicated firewall.
[[0;32m  OK  [0m] Started Load Kernel Modules.
[[0;32m  OK  [0m] Started Remount Root and Kernel File Systems.
[[0;32m  OK  [0m] Started Set console keymap.
[[0;32m  OK  [0m] Started Create list of required sta...ce nodes for the current kernel.
[[0;32m  OK  [0m] Started Nameserver information manager.
[[0;32m  OK  [0m] Started LVM2 metadata daemon.
         Starting Create Static Device Nodes in /dev...
         Starting udev Coldplug all Devices...
         Starting Load/Save Random Seed...
         Starting Apply Kernel Variables...
         Mounting FUSE Control File System...
         Starting Flush Journal to Persistent Storage...
[[0;32m  OK  [0m] Mounted FUSE Control File System.
[[0;32m  OK  [0m] Started Monitoring of LVM2 mirrors,...ng dmeventd or progress polling.
[[0;32m  OK  [0m] Started Create Static Device Nodes in /dev.
[[0;32m  OK  [0m] Started Load/Save Random Seed.
[[0;32m  OK  [0m] Started Apply Kernel Variables.
[[0;32m  OK  [0m] Started udev Coldplug all Devices.
         Starting udev Kernel Device Manager...
[[0;32m  OK  [0m] Reached target Local File Systems (Pre).
[[0;32m  OK  [0m] Reached target Local File Systems.
         Starting Initial cloud-init job (pre-networking)...
         Starting Tell Plymouth To Write Out Runtime Data...
         Starting Commit a transient machine-id on disk...
         Starting Set console font and keymap...
         Starting LSB: AppArmor initialization...
[[0;32m  OK  [0m] Started udev Kernel Device Manager.
[[0;32m  OK  [0m] Started Flush Journal to Persistent Storage.
[[0;32m  OK  [0m] Started Tell Plymouth To Write Out Runtime Data.
[[0;32m  OK  [0m] Started Commit a transient machine-id on disk.
[[0;32m  OK  [0m] Found device /dev/ttyS0.
[[0;32m  OK  [0m] Listening on Load/Save RF Kill Switch Status /dev/rfkill Watch.
         Starting Create Volatile Files and Directories...
[[0;32m  OK  [0m] Started Dispatch Password Requests to Console Directory Watch.
[[0;32m  OK  [0m] Started Create Volatile Files and Directories.
[   15.212490] cloud-init[473]: Cloud-init v. 19.2-36-g059d049c-0ubuntu1~16.04.1 running 'init-local' at Wed, 16 Oct 2019 09:47:49 +0000. Up 14.49 seconds.
         Starting Update UTMP about System Boot/Shutdown...
[[0;32m  OK  [0m] Started Update UTMP about System Boot/Shutdown.
[[0;32m  OK  [0m] Started Initial cloud-init job (pre-networking).
[[0;32m  OK  [0m] Reached target Network (Pre).
[[0;32m  OK  [0m] Started Set console font and keymap.
[[0;32m  OK  [0m] Created slice system-getty.slice.
[[0;32m  OK  [0m] Started LSB: AppArmor initialization.
         Starting Raise network interfaces...
[[0;32m  OK  [0m] Started Raise network interfaces.
[[0;32m  OK  [0m] Reached target Network.
         Starting Initial cloud-init job (metadata service crawler)...
[   17.956977] cloud-init[956]: Cloud-init v. 19.2-36-g059d049c-0ubuntu1~16.04.1 running 'init' at Wed, 16 Oct 2019 09:47:51 +0000. Up 17.24 seconds.
[   18.105070] [cloud-init[0;32m  OK  [0m[956]: ] ci-info: ++++++++++++++++++++++++++++++++++++++Net device info++++++++++++++++++++++++++++++++++++++Started Initial cloud-init job (metadata service crawler).

[   18.105849] cloud-init[956]: ci-info: +--------+-------+---------------------------+---------------+--------+-------------------+
[   18.380945] [cloud-init[0;32m  OK  [0m[956]: ] ci-info: | Device |   Up  |          Address          |      Mask     | Scope  |     Hw-Address    |Reached target System Initialization.

[   18.381563]          cloud-initStarting Socket activation for snappy daemon.[956]: 
ci-info: +--------+-------+---------------------------+---------------+--------+-------------------+
[   18.721039] [cloud-init[0;32m  OK  [0m[956]: ] ci-info: | enp0s3 |  True |         10.0.2.15         | 255.255.255.0 | global | 02:0e:9b:2d:5b:92 |Listening on D-Bus System Message Bus Socket.

[   18.721672]          Starting LXD - unix socket.
[[0;32m  OK  [0m] Started Daily apt download activities.
cloud-init[956]: ci-info: | enp0s3 |  True | fe80::e:9bff:fe2d:5b92/64 |       .       |  link  | 02:0e:9b:2d:5b:92 |
[   19.212811] [[0;32m  OK  [0m] Started ACPI Events Check.
[[0;32m  OK  [0m] Reached target Paths.
[[0;32m  OK  [0m] Listening on UUID daemon activation socket.
[[0;32m  OK  [0m] Started Daily apt upgrade and clean activities.
[[0;32m  OK  [0m] Listening on ACPID Listen Socket.
[[0;32m  OK  [0m] Started Daily Cleanup of Temporary Directories.
[[0;32m  OK  [0m] Reached target Timers.
[[0;32m  OK  [0m] Reached target Cloud-config availability.
[[0;32m  OK  [0m] Reached target Network is Online.
cloud-init[956]: ci-info: | enp0s8 | False |             .             |       .       |   .    | 08:00:27:f1:ea:60 |
[   19.497193]          cloud-initStarting iSCSI initiator daemon (iscsid)...[956]: 
ci-info: |   lo   |  True |         127.0.0.1         |   255.0.0.0   |  host  |         .         |
[   19.619831] [cloud-init[0;32m  OK  [0m[956]: ] ci-info: |   lo   |  True |          ::1/128          |       .       |  host  |         .         |Listening on Socket activation for snappy daemon.

[   19.620476] [cloud-init[0;32m  OK  [0m[956]: ] ci-info: +--------+-------+---------------------------+---------------+--------+-------------------+Listening on LXD - unix socket.

[   19.876883] cloud-init[956]: ci-info: +++++++++++++++++++++++++++Route IPv4 info++++++++++++++++++++++++++++
[   19.989995] cloud-init[956]: ci-info: +-------+-------------+----------+---------------+-----------+-------+
[   20.032090] cloud-init[956]: ci-info: | Route | Destination | Gateway  |    Genmask    | Interface | Flags |
[   20.125451] cloud-init[956]: ci-info: +-------+-------------+----------+---------------+-----------+-------+
[   20.232018] cloud-init[956]: ci-info: |   0   |   0.0.0.0   | 10.0.2.2 |    0.0.0.0    |   enp0s3  |   UG  |
[   20.250239] cloud-init[956]: ci-info: |   1   |   10.0.2.0  | 0.0.0.0  | 255.255.255.0 |   enp0s3  |   U   |
[   20.250719] cloud-init[956]: ci-info: +-------+-------------+----------+---------------+-----------+-------+
[   20.251113] cloud-init[956]: ci-info: +++++++++++++++++++Route IPv6 info+++++++++++++++++++
[   20.251468] cloud-init[956]: ci-info: +-------+-------------+---------+-----------+-------+
[[0;32m  OK  [0m] Started iSCSI initiator daemon (iscsid).
[   20.252906] cloud-init[956]: ci-info: | Route | Destination | Gateway | Interface | Flags |
[   20.328666] cloud-init[956]: ci-info: +-------+-------------+---------+-----------+-------+
[   20.329092] cloud-init[956]: ci-info: |   0   |  fe80::/64  |    ::   |   enp0s3  |   U   |
         Starting Login to default iSCSI targets...
[   20.329554] cloud-init[956]: ci-info: |   3   |   ff00::/8  |    ::   |   enp0s3  |   U   |
[   20.436750] cloud-init[956]: ci-info: +-------+-------------+---------+-----------+-------+
[   20.437303] cloud-init[956]: Generating public/private rsa key pair.
[   20.437764] cloud-init[956]: Your identification has been saved in /etc/ssh/ssh_host_rsa_key.
[   20.438159] cloud-init[956]: Your public key has been saved in /etc/ssh/ssh_host_rsa_key.pub.
[[0;32m  OK  [0m] Reached target Sockets.
[   20.442260] cloud-init[956]: The key fingerprint is:
[   20.616251] cloud-init[956]: SHA256:Zsmw7H01pTH5fpnxpWOsOjxGeO8qOyrgUHljSM022/g root@ubuntu-xenial
[[0;32m  OK  [0m] Reached target Basic System.
[   20.616467] cloud-init[956]: The key's randomart image is:
         [   20.673335] Starting Accounts Service...cloud-init
[956]: +---[RSA 2048]----+
[   20.679611] cloud-init[956]: |   o             |
[   20.680316] cloud-init[956]: |  . =        .   |
[   20.680625] cloud-init[956]: | . + =.     + .  |
[   20.680694] cloud-init[956]: |  + *..+ .   *   |
[   20.680751] cloud-init[956]: | . o oo S.  + ...|
[   20.680804] cloud-init[956]: |. .  .E+. o. + .*|
[   20.680859] cloud-init[956]: | o .  . .+..  *oo|
[   20.680914] cloud-init[956]: |  . .   o.= .o o |
[   20.680969] cloud-init[956]: |     ....=o*o    |
[   20.681030] cloud-init[956]: +----[SHA256]-----+
[   20.681087] cloud-init[956]: Generating public/private dsa key pair.
[   20.681140] cloud-init[956]: Your identification has been saved in /etc/ssh/ssh_host_dsa_key.
[   20.681204] cloud-init[956]: Your public key has been saved in /etc/ssh/ssh_host_dsa_key.pub.
[   20.681262] cloud-init[956]: The key fingerprint is:
[   20.681319] cloud-init[956]: SHA256:nYojQnFE5sfc8RwKzDwycNd+Qgl4eLFIzOTZyoXhoWk root@ubuntu-xenial
[   20.681426] cloud-init[956]: The key's randomart image is:
[   20.681482] cloud-init[956]: +---[DSA 1024]----+
[   20.681533] cloud-init[956]: |  .*X*=+...      |
[   20.681591] cloud-init[956]: |   @B@B++= .     |
[   20.681644] cloud-init[956]: |  E O=B+o o      |
[   20.681696] cloud-init[956]: | . + +  o...     |
[   20.681900] cloud-init[956]: |  . o   Soo      |
[[0;32m  OK  [0m] Started ACPI event daemon.[   20.682069] 
cloud-init[956]: | .     . .       |
[   21.740843] cloud-init[956]: |  . . o .        |
[   21.741416] cloud-init[956]: |   . . .         |
[   21.741596] cloud-init[956]: |                 |
[   21.741637] cloud-init[956]: +----[SHA256]-----+
         Starting Login Service...
[   21.741676] cloud-init[956]: Generating public/private ecdsa key pair.
[   22.033450] cloud-init[956]: [Your identification has been saved in /etc/ssh/ssh_host_ecdsa_key.[0;32m  OK  [0m
] Started FUSE filesystem for LXC.
[   22.034492] cloud-init[956]: Your public key has been saved in /etc/ssh/ssh_host_ecdsa_key.pub.
[   22.278346] cloud-init[956]: The key fingerprint is:
[   22.279500] cloud-init[956]: SHA256:qCKEXoMFzucj9bgWB2xFvmAhOCstbDXyQHtGGZhSdyw root@ubuntu-xenial
         Starting LXD - container startup/shutdown...
[   22.280430] cloud-init[956]: The key's randomart image is:
[   22.566905] cloud-init[956]: +---[ECDSA 256]---+
[   22.604721] cloud-init         [956]: Starting Pollinate to seed the pseudo random number generator...|o=++=+.          |

[   22.608520] cloud-init[956]: |*=*=E..          |
[   22.730039] cloud-init[956]: |oB=%.o           |
[   22.730763] cloud-init[956]: |=o%.= ..         |
         Starting System Logging Service...
[   22.730994] cloud-init[956]: |+= B +. S        |
[   22.820588] cloud-init[956]: |o o *.           |
         Starting LSB: MD monitoring daemon...
[   22.821083] cloud-init[956]: |...o.            |
[   22.900666] cloud-init[956]: | ...             |
[   22.901134] cloud-init[956]: |                 |
[   22.901548] cloud-init[956]: +----[SHA256]-----+
[[0;32m  OK  [0m] Started Deferred execution scheduler.
[   22.901895] cloud-init[956]: Generating public/private ed25519 key pair.
[[0;32m  OK  [0m[   23.212745] cloud-init[956]: Your identification has been saved in /etc/ssh/ssh_host_ed25519_key.
[   23.212875] cloud-init[956]: Your public key has been saved in /etc/ssh/ssh_host_ed25519_key.pub.
[   23.212987] cloud-init[956]: The key fingerprint is:
[   23.213065] cloud-init[956]: SHA256:TQsMFqmOg+loT1jbKj40ssqFWHinWLeRd5EHJPAQn6c root@ubuntu-xenial
[   23.213135] cloud-init[956]: The key's randomart image is:
[   23.213200] cloud-init[956]: +--[ED25519 256]--+
[   23.213347] cloud-init[956]: |    +o=+o        |
[   23.213442] cloud-init[956]: |     =.= o       |
[   23.214047] cloud-init[956]: |     .+ * o      |
[   23.214119] cloud-init[956]: | .  .. o * .     |
[   23.214189] cloud-init[956]: |.o++= E S o      |
[   23.214319] cloud-init[956]: |=B*+++ .         |
[   23.214414] cloud-init[956]: |B+o=..           |
[   23.214484] cloud-init[956]: |+=o .            |
[   23.214551] cloud-init[956]: |=o+o             |
[   23.214615] cloud-init[956]: +----[SHA256]-----+
] Started D-Bus System Message Bus.
         Starting Virtualbox guest utils...
         Starting /etc/rc.local Compatibility...
         Starting LSB: Record successful boot for GRUB...
[[0;32m  OK  [0m] Started Regular background program processing daemon.
         Starting Snappy daemon...
[[0;32m  OK  [0m] Started System Logging Service.
[[0;32m  OK  [0m] Started LXD - container startup/shutdown.
[[0;32m  OK  [0m] Started Pollinate to seed the pseudo random number generator.
[[0;32m  OK  [0m] Started /etc/rc.local Compatibility.
[[0;32m  OK  [0m] Started Login to default iSCSI targets.
[[0;32m  OK  [0m] Started LSB: MD monitoring daemon.
[[0;32m  OK  [0m] Started Snappy daemon.
[[0;32m  OK  [0m] Started LSB: Record successful boot for GRUB.
[[0;32m  OK  [0m] Started Login Service.
[[0;32m  OK  [0m] Started Virtualbox guest utils.
[[0;32m  OK  [0m] Started Unattended Upgrades Shutdown.
         Starting Authenticate and Authorize Users to Run Privileged Tasks...
         Starting Wait until snapd is fully seeded...
[[0;32m  OK  [0m] Reached target Remote File Systems (Pre).
[[0;32m  OK  [0m] Reached target Remote File Systems.
         Starting LSB: Set the CPU Frequency Scaling governor to "ondemand"...
         Starting LSB: daemon to balance interrupts for SMP systems...
         Starting Permit User Sessions...
         Starting LSB: automatic crash report generation...
         Starting OpenBSD Secure Shell server...
[[0;32m  OK  [0m] Started Permit User Sessions.
[[0;32m  OK  [0m] Started Authenticate and Authorize Users to Run Privileged Tasks.
[[0;32m  OK  [0m] Started OpenBSD Secure Shell server.
[[0;32m  OK  [0m] Started Accounts Service.
[[0;32m  OK  [0m] Started LSB: Set the CPU Frequency Scaling governor to "ondemand".
[[0;32m  OK  [0m] Started LSB: daemon to balance interrupts for SMP systems.
[[0;32m  OK  [0m] Started Wait until snapd is fully seeded.
[[0;32m  OK  [0m] Created slice User Slice of vagrant.
[[0;32m  OK  [0m] Started Session 1 of user vagrant.
         Starting User Manager for UID 1000...
         Starting Apply the settings specified in cloud-config...
         Starting Hold until boot process finishes up...
         Starting Terminate Plymouth Boot Screen...
[[0;32m  OK  [0m] Started User Manager for UID 1000.
[[0;32m  OK  [0m] Started LSB: automatic crash report generation.
[[0;32m  OK  [0m] Started Hold until boot process finishes up.
[[0;32m  OK  [0m] Started Terminate Plymouth Boot Screen.
[[0;32m  OK  [0m] Started Getty on tty1.
         Starting Set console scheme...
[[0;32m  OK  [0m] Started Serial Getty on ttyS0.
[[0;32m  OK  [0m] Reached target Login Prompts.
[[0;32m  OK  [0m] Reached target Multi-User System.
[[0;32m  OK  [0m] Reached target Graphical Interface.
[   26.049932] cloud-init[1302]: Generating locales (this might take a while)...
         Starting Update UTMP about System Runlevel Changes...
[[0;32m  OK  [0m] Started Set console scheme.
[[0;32m  OK  [0m] Started Update UTMP about System Runlevel Changes.
[   27.565496] cloud-init[1302]:   en_US.UTF-8... done
[   27.568162] cloud-init[1302]: Generation complete.
[   28.081294] cloud-init[1302]: Cloud-init v. 19.2-36-g059d049c-0ubuntu1~16.04.1 running 'modules:config' at Wed, 16 Oct 2019 09:48:00 +0000. Up 25.88 seconds.
[[0;32m  OK  [0m] Started Apply the settings specified in cloud-config.
         Starting Execute cloud user/final scripts...
ci-info: no authorized ssh keys fingerprints found for user ubuntu.
<14>Oct 16 09:48:03 ec2: 
<14>Oct 16 09:48:03 ec2: #############################################################
<14>Oct 16 09:48:03 ec2: -----BEGIN SSH HOST KEY FINGERPRINTS-----
<14>Oct 16 09:48:03 ec2: 1024 SHA256:nYojQnFE5sfc8RwKzDwycNd+Qgl4eLFIzOTZyoXhoWk root@ubuntu-xenial (DSA)
<14>Oct 16 09:48:03 ec2: 256 SHA256:qCKEXoMFzucj9bgWB2xFvmAhOCstbDXyQHtGGZhSdyw root@ubuntu-xenial (ECDSA)
<14>Oct 16 09:48:03 ec2: 256 SHA256:TQsMFqmOg+loT1jbKj40ssqFWHinWLeRd5EHJPAQn6c root@ubuntu-xenial (ED25519)
<14>Oct 16 09:48:03 ec2: 2048 SHA256:Zsmw7H01pTH5fpnxpWOsOjxGeO8qOyrgUHljSM022/g root@ubuntu-xenial (RSA)
<14>Oct 16 09:48:03 ec2: -----END SSH HOST KEY FINGERPRINTS-----
<14>Oct 16 09:48:03 ec2: #############################################################
-----BEGIN SSH HOST KEY KEYS-----
ecdsa-sha2-nistp256 AAAAE2VjZHNhLXNoYTItbmlzdHAyNTYAAAAIbmlzdHAyNTYAAABBBF/gvP/bIFniuJ8vrbzcx+sRB/luF4kxYApuclZsAwvdUR+CzgxIZi5yH+AvSINxaRvWdbfBWLpRu2MhPjccENQ= root@ubuntu-xenial
ssh-ed25519 AAAAC3NzaC1lZDI1NTE5AAAAIE5uR072k2V1U2aRh+BPqEzLiDhRpHNICbLPJp1IyZ7Q root@ubuntu-xenial
ssh-rsa AAAAB3NzaC1yc2EAAAADAQABAAABAQDASdobydhsCJGfQYgYJvKYuKItDNIQDy5hN3TbOTqS9RuhME9ljYOi44as623kUaBGCnfmEW/ELNd5fZywZafY4Q1GHM7/o4W1tFECDQsSw1RAG3F6EeyiDw0YQgeMMmtp2QstBAoumApKQK16qjhCXWAuPthf4Vs2PDXlq6woVW5nUAFkkuBIqn513Xhf/GqlyXF2g8O5ZxIy1HsnwIotD4D3Lp47GVeJ4xmrvxzhDHL8GthcKtPXczBqQG8I9O4/xeF3a770Xtbl/m9VlAaklntd33uVkrwHk0VOuidG21p4JM6gH+qEz86PLhHtdTfaUqsUhRl2DQHDi9K1/ZpH root@ubuntu-xenial
-----END SSH HOST KEY KEYS-----
[   29.374322] cloud-init[1470]: Cloud-init v. 19.2-36-g059d049c-0ubuntu1~16.04.1 running 'modules:final' at Wed, 16 Oct 2019 09:48:03 +0000. Up 28.74 seconds.
[[0;32m  OK  [0m] Started Execute cloud user/final scripts.
[[0;32m  OK  [0m] Reached target Cloud-init target.
[   29.525429] cloud-init[1470]: ci-info: no authorized ssh keys fingerprints found for user ubuntu.
[   29.689027] [1470]: Cloud-init v. 19.2-36-g059d049c-0ubuntu1~16.04.1 finished at Wed, 16 Oct 2019 09:48:03 +0000. Datasource DataSourceNoCloud [seed=/dev/sdb][dsmode=net].  Up 29.36 seconds

Ubuntu 16.04.6 LTS ubuntu-xenial ttyS0

ubuntu-xenial login: 